{"C:\\Users\\yiten\\OneDrive\\dev\\OneDrive\\dev\\Node\\Project\\mildom\\lib\\mildom.js": {"path":"C:\\Users\\yiten\\OneDrive\\dev\\OneDrive\\dev\\Node\\Project\\mildom\\lib\\mildom.js","statementMap":{"0":{"start":{"line":15,"column":20},"end":{"line":40,"column":8}},"1":{"start":{"line":16,"column":18},"end":{"line":27,"column":8}},"2":{"start":{"line":17,"column":21},"end":{"line":17,"column":23}},"3":{"start":{"line":18,"column":8},"end":{"line":20,"column":11}},"4":{"start":{"line":19,"column":10},"end":{"line":19,"column":28}},"5":{"start":{"line":22,"column":8},"end":{"line":26,"column":11}},"6":{"start":{"line":24,"column":23},"end":{"line":24,"column":44}},"7":{"start":{"line":25,"column":10},"end":{"line":25,"column":24}},"8":{"start":{"line":29,"column":6},"end":{"line":31,"column":9}},"9":{"start":{"line":30,"column":8},"end":{"line":30,"column":33}},"10":{"start":{"line":33,"column":6},"end":{"line":33,"column":16}},"11":{"start":{"line":36,"column":8},"end":{"line":36,"column":43}},"12":{"start":{"line":39,"column":8},"end":{"line":39,"column":27}},"13":{"start":{"line":42,"column":4},"end":{"line":42,"column":19}},"14":{"start":{"line":53,"column":16},"end":{"line":53,"column":54}},"15":{"start":{"line":54,"column":21},"end":{"line":54,"column":47}},"16":{"start":{"line":55,"column":4},"end":{"line":55,"column":36}},"17":{"start":{"line":66,"column":18},"end":{"line":66,"column":50}},"18":{"start":{"line":67,"column":4},"end":{"line":68,"column":74}},"19":{"start":{"line":68,"column":6},"end":{"line":68,"column":74}},"20":{"start":{"line":69,"column":16},"end":{"line":69,"column":59}},"21":{"start":{"line":70,"column":20},"end":{"line":70,"column":46}},"22":{"start":{"line":71,"column":4},"end":{"line":71,"column":34}},"23":{"start":{"line":82,"column":18},"end":{"line":82,"column":50}},"24":{"start":{"line":83,"column":4},"end":{"line":84,"column":74}},"25":{"start":{"line":84,"column":6},"end":{"line":84,"column":74}},"26":{"start":{"line":85,"column":16},"end":{"line":85,"column":59}},"27":{"start":{"line":86,"column":20},"end":{"line":86,"column":46}},"28":{"start":{"line":87,"column":4},"end":{"line":87,"column":34}},"29":{"start":{"line":98,"column":16},"end":{"line":98,"column":57}},"30":{"start":{"line":99,"column":20},"end":{"line":99,"column":46}},"31":{"start":{"line":100,"column":4},"end":{"line":100,"column":34}},"32":{"start":{"line":111,"column":16},"end":{"line":111,"column":56}},"33":{"start":{"line":112,"column":23},"end":{"line":112,"column":49}},"34":{"start":{"line":113,"column":4},"end":{"line":113,"column":40}},"35":{"start":{"line":126,"column":16},"end":{"line":126,"column":71}},"36":{"start":{"line":127,"column":25},"end":{"line":127,"column":51}},"37":{"start":{"line":128,"column":4},"end":{"line":128,"column":44}},"38":{"start":{"line":139,"column":16},"end":{"line":139,"column":59}},"39":{"start":{"line":140,"column":25},"end":{"line":140,"column":51}},"40":{"start":{"line":141,"column":4},"end":{"line":141,"column":44}},"41":{"start":{"line":153,"column":20},"end":{"line":153,"column":53}},"42":{"start":{"line":154,"column":4},"end":{"line":154,"column":71}},"43":{"start":{"line":168,"column":23},"end":{"line":176,"column":5}},"44":{"start":{"line":177,"column":17},"end":{"line":177,"column":49}},"45":{"start":{"line":178,"column":4},"end":{"line":181,"column":8}},"46":{"start":{"line":179,"column":6},"end":{"line":181,"column":8}},"47":{"start":{"line":182,"column":16},"end":{"line":182,"column":67}},"48":{"start":{"line":183,"column":19},"end":{"line":183,"column":45}},"49":{"start":{"line":184,"column":4},"end":{"line":184,"column":32}}},"fnMap":{"0":{"name":"(anonymous_0)","decl":{"start":{"line":5,"column":2},"end":{"line":5,"column":3}},"loc":{"start":{"line":5,"column":16},"end":{"line":5,"column":18}},"line":5},"1":{"name":"(anonymous_1)","decl":{"start":{"line":14,"column":2},"end":{"line":14,"column":3}},"loc":{"start":{"line":14,"column":24},"end":{"line":43,"column":3}},"line":14},"2":{"name":"(anonymous_2)","decl":{"start":{"line":15,"column":32},"end":{"line":15,"column":33}},"loc":{"start":{"line":15,"column":53},"end":{"line":34,"column":5}},"line":15},"3":{"name":"(anonymous_3)","decl":{"start":{"line":16,"column":33},"end":{"line":16,"column":34}},"loc":{"start":{"line":16,"column":42},"end":{"line":27,"column":7}},"line":16},"4":{"name":"(anonymous_4)","decl":{"start":{"line":18,"column":23},"end":{"line":18,"column":24}},"loc":{"start":{"line":18,"column":33},"end":{"line":20,"column":9}},"line":18},"5":{"name":"(anonymous_5)","decl":{"start":{"line":22,"column":22},"end":{"line":22,"column":23}},"loc":{"start":{"line":22,"column":28},"end":{"line":26,"column":9}},"line":22},"6":{"name":"(anonymous_6)","decl":{"start":{"line":29,"column":22},"end":{"line":29,"column":23}},"loc":{"start":{"line":29,"column":33},"end":{"line":31,"column":7}},"line":29},"7":{"name":"(anonymous_7)","decl":{"start":{"line":35,"column":12},"end":{"line":35,"column":13}},"loc":{"start":{"line":35,"column":22},"end":{"line":37,"column":7}},"line":35},"8":{"name":"(anonymous_8)","decl":{"start":{"line":38,"column":13},"end":{"line":38,"column":14}},"loc":{"start":{"line":38,"column":24},"end":{"line":40,"column":7}},"line":38},"9":{"name":"(anonymous_9)","decl":{"start":{"line":52,"column":2},"end":{"line":52,"column":3}},"loc":{"start":{"line":52,"column":28},"end":{"line":56,"column":3}},"line":52},"10":{"name":"(anonymous_10)","decl":{"start":{"line":65,"column":2},"end":{"line":65,"column":3}},"loc":{"start":{"line":65,"column":33},"end":{"line":72,"column":3}},"line":65},"11":{"name":"(anonymous_11)","decl":{"start":{"line":81,"column":2},"end":{"line":81,"column":3}},"loc":{"start":{"line":81,"column":33},"end":{"line":88,"column":3}},"line":81},"12":{"name":"(anonymous_12)","decl":{"start":{"line":97,"column":2},"end":{"line":97,"column":3}},"loc":{"start":{"line":97,"column":31},"end":{"line":101,"column":3}},"line":97},"13":{"name":"(anonymous_13)","decl":{"start":{"line":110,"column":2},"end":{"line":110,"column":3}},"loc":{"start":{"line":110,"column":30},"end":{"line":114,"column":3}},"line":110},"14":{"name":"(anonymous_14)","decl":{"start":{"line":125,"column":2},"end":{"line":125,"column":3}},"loc":{"start":{"line":125,"column":54},"end":{"line":129,"column":3}},"line":125},"15":{"name":"(anonymous_15)","decl":{"start":{"line":138,"column":2},"end":{"line":138,"column":3}},"loc":{"start":{"line":138,"column":33},"end":{"line":142,"column":3}},"line":138},"16":{"name":"(anonymous_16)","decl":{"start":{"line":152,"column":2},"end":{"line":152,"column":3}},"loc":{"start":{"line":152,"column":23},"end":{"line":155,"column":3}},"line":152},"17":{"name":"(anonymous_17)","decl":{"start":{"line":167,"column":2},"end":{"line":167,"column":3}},"loc":{"start":{"line":167,"column":62},"end":{"line":185,"column":3}},"line":167}},"branchMap":{"0":{"loc":{"start":{"line":55,"column":11},"end":{"line":55,"column":35}},"type":"cond-expr","locations":[{"start":{"line":55,"column":22},"end":{"line":55,"column":30}},{"start":{"line":55,"column":33},"end":{"line":55,"column":35}}],"line":55},"1":{"loc":{"start":{"line":67,"column":4},"end":{"line":68,"column":74}},"type":"if","locations":[{"start":{"line":67,"column":4},"end":{"line":68,"column":74}},{"start":{},"end":{}}],"line":67},"2":{"loc":{"start":{"line":71,"column":11},"end":{"line":71,"column":33}},"type":"cond-expr","locations":[{"start":{"line":71,"column":21},"end":{"line":71,"column":28}},{"start":{"line":71,"column":31},"end":{"line":71,"column":33}}],"line":71},"3":{"loc":{"start":{"line":83,"column":4},"end":{"line":84,"column":74}},"type":"if","locations":[{"start":{"line":83,"column":4},"end":{"line":84,"column":74}},{"start":{},"end":{}}],"line":83},"4":{"loc":{"start":{"line":87,"column":11},"end":{"line":87,"column":33}},"type":"cond-expr","locations":[{"start":{"line":87,"column":21},"end":{"line":87,"column":28}},{"start":{"line":87,"column":31},"end":{"line":87,"column":33}}],"line":87},"5":{"loc":{"start":{"line":100,"column":11},"end":{"line":100,"column":33}},"type":"cond-expr","locations":[{"start":{"line":100,"column":21},"end":{"line":100,"column":28}},{"start":{"line":100,"column":31},"end":{"line":100,"column":33}}],"line":100},"6":{"loc":{"start":{"line":113,"column":11},"end":{"line":113,"column":39}},"type":"cond-expr","locations":[{"start":{"line":113,"column":24},"end":{"line":113,"column":34}},{"start":{"line":113,"column":37},"end":{"line":113,"column":39}}],"line":113},"7":{"loc":{"start":{"line":125,"column":32},"end":{"line":125,"column":40}},"type":"default-arg","locations":[{"start":{"line":125,"column":39},"end":{"line":125,"column":40}}],"line":125},"8":{"loc":{"start":{"line":125,"column":42},"end":{"line":125,"column":52}},"type":"default-arg","locations":[{"start":{"line":125,"column":50},"end":{"line":125,"column":52}}],"line":125},"9":{"loc":{"start":{"line":128,"column":11},"end":{"line":128,"column":43}},"type":"cond-expr","locations":[{"start":{"line":128,"column":26},"end":{"line":128,"column":38}},{"start":{"line":128,"column":41},"end":{"line":128,"column":43}}],"line":128},"10":{"loc":{"start":{"line":141,"column":11},"end":{"line":141,"column":43}},"type":"cond-expr","locations":[{"start":{"line":141,"column":26},"end":{"line":141,"column":38}},{"start":{"line":141,"column":41},"end":{"line":141,"column":43}}],"line":141},"11":{"loc":{"start":{"line":154,"column":11},"end":{"line":154,"column":70}},"type":"cond-expr","locations":[{"start":{"line":154,"column":21},"end":{"line":154,"column":65}},{"start":{"line":154,"column":68},"end":{"line":154,"column":70}}],"line":154},"12":{"loc":{"start":{"line":167,"column":22},"end":{"line":167,"column":38}},"type":"default-arg","locations":[{"start":{"line":167,"column":33},"end":{"line":167,"column":38}}],"line":167},"13":{"loc":{"start":{"line":167,"column":40},"end":{"line":167,"column":48}},"type":"default-arg","locations":[{"start":{"line":167,"column":47},"end":{"line":167,"column":48}}],"line":167},"14":{"loc":{"start":{"line":167,"column":50},"end":{"line":167,"column":60}},"type":"default-arg","locations":[{"start":{"line":167,"column":58},"end":{"line":167,"column":60}}],"line":167},"15":{"loc":{"start":{"line":178,"column":4},"end":{"line":181,"column":8}},"type":"if","locations":[{"start":{"line":178,"column":4},"end":{"line":181,"column":8}},{"start":{},"end":{}}],"line":178},"16":{"loc":{"start":{"line":184,"column":11},"end":{"line":184,"column":31}},"type":"cond-expr","locations":[{"start":{"line":184,"column":20},"end":{"line":184,"column":26}},{"start":{"line":184,"column":29},"end":{"line":184,"column":31}}],"line":184}},"s":{"0":9,"1":9,"2":9,"3":9,"4":16,"5":9,"6":9,"7":9,"8":9,"9":0,"10":9,"11":9,"12":0,"13":9,"14":1,"15":1,"16":1,"17":2,"18":2,"19":1,"20":1,"21":1,"22":1,"23":2,"24":2,"25":1,"26":1,"27":1,"28":1,"29":1,"30":1,"31":1,"32":2,"33":2,"34":2,"35":1,"36":1,"37":1,"38":1,"39":1,"40":1,"41":0,"42":0,"43":2,"44":2,"45":2,"46":1,"47":1,"48":1,"49":1},"f":{"0":2,"1":9,"2":9,"3":9,"4":16,"5":9,"6":0,"7":9,"8":0,"9":1,"10":2,"11":2,"12":1,"13":2,"14":1,"15":1,"16":0,"17":2},"b":{"0":[1,0],"1":[1,1],"2":[1,0],"3":[1,1],"4":[1,0],"5":[1,0],"6":[2,0],"7":[1],"8":[1],"9":[1,0],"10":[1,0],"11":[0,0],"12":[1],"13":[2],"14":[2],"15":[1,1],"16":[1,0]},"_coverageSchema":"1a1c01bbd47fc00a2c39e90264f33305004495a9","hash":"8d5675a5c5c8e2efc42c526f393b56d934dab00b"}
,"C:\\Users\\yiten\\OneDrive\\dev\\OneDrive\\dev\\Node\\Project\\mildom\\lib\\constants\\endpoints.js": {"path":"C:\\Users\\yiten\\OneDrive\\dev\\OneDrive\\dev\\Node\\Project\\mildom\\lib\\constants\\endpoints.js","statementMap":{"0":{"start":{"line":1,"column":17},"end":{"line":1,"column":54}},"1":{"start":{"line":5,"column":4},"end":{"line":5,"column":81}},"2":{"start":{"line":7,"column":4},"end":{"line":7,"column":78}},"3":{"start":{"line":9,"column":4},"end":{"line":9,"column":74}},"4":{"start":{"line":11,"column":4},"end":{"line":11,"column":76}},"5":{"start":{"line":13,"column":4},"end":{"line":13,"column":112}},"6":{"start":{"line":15,"column":4},"end":{"line":15,"column":88}},"7":{"start":{"line":17,"column":4},"end":{"line":17,"column":103}},"8":{"start":{"line":18,"column":29},"end":{"line":18,"column":71}},"9":{"start":{"line":20,"column":4},"end":{"line":20,"column":118}}},"fnMap":{"0":{"name":"(anonymous_0)","decl":{"start":{"line":4,"column":22},"end":{"line":4,"column":23}},"loc":{"start":{"line":5,"column":4},"end":{"line":5,"column":81}},"line":5},"1":{"name":"(anonymous_1)","decl":{"start":{"line":6,"column":22},"end":{"line":6,"column":23}},"loc":{"start":{"line":7,"column":4},"end":{"line":7,"column":78}},"line":7},"2":{"name":"(anonymous_2)","decl":{"start":{"line":8,"column":18},"end":{"line":8,"column":19}},"loc":{"start":{"line":9,"column":4},"end":{"line":9,"column":74}},"line":9},"3":{"name":"(anonymous_3)","decl":{"start":{"line":10,"column":15},"end":{"line":10,"column":16}},"loc":{"start":{"line":11,"column":4},"end":{"line":11,"column":76}},"line":11},"4":{"name":"(anonymous_4)","decl":{"start":{"line":12,"column":19},"end":{"line":12,"column":20}},"loc":{"start":{"line":13,"column":4},"end":{"line":13,"column":112}},"line":13},"5":{"name":"(anonymous_5)","decl":{"start":{"line":14,"column":19},"end":{"line":14,"column":20}},"loc":{"start":{"line":15,"column":4},"end":{"line":15,"column":88}},"line":15},"6":{"name":"(anonymous_6)","decl":{"start":{"line":16,"column":19},"end":{"line":16,"column":20}},"loc":{"start":{"line":17,"column":4},"end":{"line":17,"column":103}},"line":17},"7":{"name":"(anonymous_7)","decl":{"start":{"line":18,"column":17},"end":{"line":18,"column":18}},"loc":{"start":{"line":18,"column":29},"end":{"line":18,"column":71}},"line":18},"8":{"name":"(anonymous_8)","decl":{"start":{"line":19,"column":10},"end":{"line":19,"column":11}},"loc":{"start":{"line":20,"column":4},"end":{"line":20,"column":118}},"line":20}},"branchMap":{},"s":{"0":3,"1":2,"2":2,"3":2,"4":2,"5":2,"6":2,"7":1,"8":3,"9":2},"f":{"0":2,"1":2,"2":2,"3":2,"4":2,"5":2,"6":1,"7":3,"8":2},"b":{},"_coverageSchema":"1a1c01bbd47fc00a2c39e90264f33305004495a9","hash":"0a26d2c592c268a28b9a539532c4d270e7809510"}
,"C:\\Users\\yiten\\OneDrive\\dev\\OneDrive\\dev\\Node\\Project\\mildom\\lib\\stream\\listener.js": {"path":"C:\\Users\\yiten\\OneDrive\\dev\\OneDrive\\dev\\Node\\Project\\mildom\\lib\\stream\\listener.js","statementMap":{"0":{"start":{"line":10,"column":4},"end":{"line":10,"column":12}},"1":{"start":{"line":11,"column":4},"end":{"line":11,"column":25}},"2":{"start":{"line":12,"column":4},"end":{"line":12,"column":35}},"3":{"start":{"line":16,"column":19},"end":{"line":16,"column":31}},"4":{"start":{"line":17,"column":23},"end":{"line":17,"column":62}},"5":{"start":{"line":18,"column":4},"end":{"line":22,"column":5}},"6":{"start":{"line":19,"column":18},"end":{"line":19,"column":75}},"7":{"start":{"line":20,"column":6},"end":{"line":20,"column":71}},"8":{"start":{"line":21,"column":6},"end":{"line":21,"column":24}},"9":{"start":{"line":26,"column":4},"end":{"line":28,"column":5}},"10":{"start":{"line":27,"column":6},"end":{"line":27,"column":31}},"11":{"start":{"line":29,"column":4},"end":{"line":31,"column":5}},"12":{"start":{"line":30,"column":6},"end":{"line":30,"column":22}},"13":{"start":{"line":35,"column":4},"end":{"line":35,"column":54}},"14":{"start":{"line":39,"column":4},"end":{"line":54,"column":5}},"15":{"start":{"line":40,"column":6},"end":{"line":45,"column":7}},"16":{"start":{"line":41,"column":8},"end":{"line":41,"column":23}},"17":{"start":{"line":42,"column":13},"end":{"line":45,"column":7}},"18":{"start":{"line":43,"column":8},"end":{"line":43,"column":35}},"19":{"start":{"line":44,"column":8},"end":{"line":44,"column":79}},"20":{"start":{"line":46,"column":6},"end":{"line":48,"column":15}},"21":{"start":{"line":47,"column":8},"end":{"line":47,"column":20}},"22":{"start":{"line":50,"column":6},"end":{"line":52,"column":7}},"23":{"start":{"line":51,"column":8},"end":{"line":51,"column":24}},"24":{"start":{"line":53,"column":6},"end":{"line":53,"column":73}},"25":{"start":{"line":58,"column":15},"end":{"line":58,"column":33}},"26":{"start":{"line":59,"column":4},"end":{"line":59,"column":34}},"27":{"start":{"line":60,"column":4},"end":{"line":72,"column":7}},"28":{"start":{"line":61,"column":17},"end":{"line":69,"column":8}},"29":{"start":{"line":70,"column":6},"end":{"line":70,"column":20}},"30":{"start":{"line":71,"column":6},"end":{"line":71,"column":26}},"31":{"start":{"line":74,"column":4},"end":{"line":76,"column":7}},"32":{"start":{"line":75,"column":6},"end":{"line":75,"column":32}},"33":{"start":{"line":78,"column":4},"end":{"line":99,"column":7}},"34":{"start":{"line":79,"column":6},"end":{"line":98,"column":7}},"35":{"start":{"line":80,"column":24},"end":{"line":80,"column":37}},"36":{"start":{"line":81,"column":8},"end":{"line":97,"column":9}},"37":{"start":{"line":83,"column":12},"end":{"line":83,"column":37}},"38":{"start":{"line":84,"column":12},"end":{"line":84,"column":18}},"39":{"start":{"line":86,"column":12},"end":{"line":86,"column":41}},"40":{"start":{"line":87,"column":12},"end":{"line":87,"column":18}},"41":{"start":{"line":89,"column":12},"end":{"line":89,"column":31}},"42":{"start":{"line":90,"column":12},"end":{"line":90,"column":18}},"43":{"start":{"line":92,"column":12},"end":{"line":92,"column":37}},"44":{"start":{"line":93,"column":12},"end":{"line":93,"column":18}},"45":{"start":{"line":95,"column":12},"end":{"line":95,"column":35}},"46":{"start":{"line":96,"column":12},"end":{"line":96,"column":18}},"47":{"start":{"line":101,"column":4},"end":{"line":103,"column":7}},"48":{"start":{"line":102,"column":6},"end":{"line":102,"column":27}},"49":{"start":{"line":105,"column":4},"end":{"line":105,"column":14}}},"fnMap":{"0":{"name":"(anonymous_0)","decl":{"start":{"line":9,"column":2},"end":{"line":9,"column":3}},"loc":{"start":{"line":9,"column":22},"end":{"line":13,"column":3}},"line":9},"1":{"name":"(anonymous_1)","decl":{"start":{"line":15,"column":2},"end":{"line":15,"column":3}},"loc":{"start":{"line":15,"column":24},"end":{"line":23,"column":3}},"line":15},"2":{"name":"(anonymous_2)","decl":{"start":{"line":25,"column":2},"end":{"line":25,"column":3}},"loc":{"start":{"line":25,"column":17},"end":{"line":32,"column":3}},"line":25},"3":{"name":"(anonymous_3)","decl":{"start":{"line":34,"column":2},"end":{"line":34,"column":3}},"loc":{"start":{"line":34,"column":16},"end":{"line":36,"column":3}},"line":34},"4":{"name":"(anonymous_4)","decl":{"start":{"line":38,"column":2},"end":{"line":38,"column":3}},"loc":{"start":{"line":38,"column":15},"end":{"line":55,"column":3}},"line":38},"5":{"name":"(anonymous_5)","decl":{"start":{"line":46,"column":30},"end":{"line":46,"column":31}},"loc":{"start":{"line":46,"column":36},"end":{"line":48,"column":7}},"line":46},"6":{"name":"(anonymous_6)","decl":{"start":{"line":57,"column":2},"end":{"line":57,"column":3}},"loc":{"start":{"line":57,"column":42},"end":{"line":106,"column":3}},"line":57},"7":{"name":"(anonymous_7)","decl":{"start":{"line":60,"column":18},"end":{"line":60,"column":19}},"loc":{"start":{"line":60,"column":30},"end":{"line":72,"column":5}},"line":60},"8":{"name":"(anonymous_8)","decl":{"start":{"line":74,"column":19},"end":{"line":74,"column":20}},"loc":{"start":{"line":74,"column":36},"end":{"line":76,"column":5}},"line":74},"9":{"name":"(anonymous_9)","decl":{"start":{"line":78,"column":21},"end":{"line":78,"column":22}},"loc":{"start":{"line":78,"column":37},"end":{"line":99,"column":5}},"line":78},"10":{"name":"(anonymous_10)","decl":{"start":{"line":101,"column":19},"end":{"line":101,"column":20}},"loc":{"start":{"line":101,"column":31},"end":{"line":103,"column":5}},"line":101}},"branchMap":{"0":{"loc":{"start":{"line":18,"column":4},"end":{"line":22,"column":5}},"type":"if","locations":[{"start":{"line":18,"column":4},"end":{"line":22,"column":5}},{"start":{},"end":{}}],"line":18},"1":{"loc":{"start":{"line":26,"column":4},"end":{"line":28,"column":5}},"type":"if","locations":[{"start":{"line":26,"column":4},"end":{"line":28,"column":5}},{"start":{},"end":{}}],"line":26},"2":{"loc":{"start":{"line":29,"column":4},"end":{"line":31,"column":5}},"type":"if","locations":[{"start":{"line":29,"column":4},"end":{"line":31,"column":5}},{"start":{},"end":{}}],"line":29},"3":{"loc":{"start":{"line":35,"column":11},"end":{"line":35,"column":53}},"type":"cond-expr","locations":[{"start":{"line":35,"column":21},"end":{"line":35,"column":45}},{"start":{"line":35,"column":48},"end":{"line":35,"column":53}}],"line":35},"4":{"loc":{"start":{"line":40,"column":6},"end":{"line":45,"column":7}},"type":"if","locations":[{"start":{"line":40,"column":6},"end":{"line":45,"column":7}},{"start":{"line":42,"column":13},"end":{"line":45,"column":7}}],"line":40},"5":{"loc":{"start":{"line":42,"column":13},"end":{"line":45,"column":7}},"type":"if","locations":[{"start":{"line":42,"column":13},"end":{"line":45,"column":7}},{"start":{},"end":{}}],"line":42},"6":{"loc":{"start":{"line":50,"column":6},"end":{"line":52,"column":7}},"type":"if","locations":[{"start":{"line":50,"column":6},"end":{"line":52,"column":7}},{"start":{},"end":{}}],"line":50},"7":{"loc":{"start":{"line":79,"column":6},"end":{"line":98,"column":7}},"type":"if","locations":[{"start":{"line":79,"column":6},"end":{"line":98,"column":7}},{"start":{},"end":{}}],"line":79},"8":{"loc":{"start":{"line":81,"column":8},"end":{"line":97,"column":9}},"type":"switch","locations":[{"start":{"line":82,"column":10},"end":{"line":84,"column":18}},{"start":{"line":85,"column":10},"end":{"line":87,"column":18}},{"start":{"line":88,"column":10},"end":{"line":90,"column":18}},{"start":{"line":91,"column":10},"end":{"line":93,"column":18}},{"start":{"line":94,"column":10},"end":{"line":96,"column":18}}],"line":81}},"s":{"0":1,"1":1,"2":1,"3":1,"4":1,"5":1,"6":1,"7":1,"8":1,"9":1,"10":1,"11":1,"12":1,"13":2,"14":2,"15":2,"16":1,"17":1,"18":0,"19":0,"20":2,"21":1,"22":0,"23":0,"24":0,"25":1,"26":1,"27":1,"28":1,"29":1,"30":1,"31":1,"32":0,"33":1,"34":2,"35":2,"36":2,"37":1,"38":1,"39":0,"40":0,"41":1,"42":1,"43":0,"44":0,"45":0,"46":0,"47":1,"48":0,"49":1},"f":{"0":1,"1":1,"2":1,"3":2,"4":2,"5":1,"6":1,"7":1,"8":0,"9":2,"10":0},"b":{"0":[1,0],"1":[1,0],"2":[1,0],"3":[2,0],"4":[1,1],"5":[0,1],"6":[0,0],"7":[2,0],"8":[1,0,1,0,0]},"_coverageSchema":"1a1c01bbd47fc00a2c39e90264f33305004495a9","hash":"5cab44e32c18e8bd650980252f1c3b78680f7ae9"}
,"C:\\Users\\yiten\\OneDrive\\dev\\OneDrive\\dev\\Node\\Project\\mildom\\lib\\utils\\decrypt.js": {"path":"C:\\Users\\yiten\\OneDrive\\dev\\OneDrive\\dev\\Node\\Project\\mildom\\lib\\utils\\decrypt.js","statementMap":{"0":{"start":{"line":4,"column":12},"end":{"line":4,"column":41}},"1":{"start":{"line":5,"column":16},"end":{"line":17,"column":1}},"2":{"start":{"line":7,"column":17},"end":{"line":7,"column":33}},"3":{"start":{"line":8,"column":2},"end":{"line":16,"column":3}},"4":{"start":{"line":9,"column":18},"end":{"line":9,"column":33}},"5":{"start":{"line":10,"column":16},"end":{"line":10,"column":72}},"6":{"start":{"line":11,"column":16},"end":{"line":11,"column":31}},"7":{"start":{"line":12,"column":4},"end":{"line":12,"column":15}},"8":{"start":{"line":14,"column":4},"end":{"line":14,"column":21}},"9":{"start":{"line":15,"column":4},"end":{"line":15,"column":12}}},"fnMap":{"0":{"name":"(anonymous_0)","decl":{"start":{"line":5,"column":16},"end":{"line":5,"column":17}},"loc":{"start":{"line":5,"column":25},"end":{"line":17,"column":1}},"line":5}},"branchMap":{},"s":{"0":1,"1":1,"2":2,"3":2,"4":2,"5":2,"6":2,"7":2,"8":0,"9":0},"f":{"0":2},"b":{},"_coverageSchema":"1a1c01bbd47fc00a2c39e90264f33305004495a9","hash":"9e11201673ce6ae9c76c13ac787ff4fe0ae7e2d8"}
,"C:\\Users\\yiten\\OneDrive\\dev\\OneDrive\\dev\\Node\\Project\\mildom\\lib\\utils\\encrypt.js": {"path":"C:\\Users\\yiten\\OneDrive\\dev\\OneDrive\\dev\\Node\\Project\\mildom\\lib\\utils\\encrypt.js","statementMap":{"0":{"start":{"line":3,"column":12},"end":{"line":3,"column":41}},"1":{"start":{"line":4,"column":16},"end":{"line":22,"column":1}},"2":{"start":{"line":5,"column":2},"end":{"line":21,"column":3}},"3":{"start":{"line":6,"column":23},"end":{"line":9,"column":5}},"4":{"start":{"line":10,"column":19},"end":{"line":10,"column":56}},"5":{"start":{"line":11,"column":16},"end":{"line":11,"column":34}},"6":{"start":{"line":12,"column":4},"end":{"line":12,"column":58}},"7":{"start":{"line":13,"column":22},"end":{"line":13,"column":41}},"8":{"start":{"line":14,"column":4},"end":{"line":14,"column":32}},"9":{"start":{"line":15,"column":4},"end":{"line":15,"column":29}},"10":{"start":{"line":16,"column":4},"end":{"line":16,"column":30}},"11":{"start":{"line":17,"column":4},"end":{"line":17,"column":18}},"12":{"start":{"line":19,"column":4},"end":{"line":19,"column":21}},"13":{"start":{"line":20,"column":4},"end":{"line":20,"column":12}}},"fnMap":{"0":{"name":"(anonymous_0)","decl":{"start":{"line":4,"column":16},"end":{"line":4,"column":17}},"loc":{"start":{"line":4,"column":25},"end":{"line":22,"column":1}},"line":4}},"branchMap":{},"s":{"0":1,"1":1,"2":1,"3":1,"4":1,"5":1,"6":1,"7":1,"8":1,"9":1,"10":1,"11":1,"12":0,"13":0},"f":{"0":1},"b":{},"_coverageSchema":"1a1c01bbd47fc00a2c39e90264f33305004495a9","hash":"0aaf6fcddb16fbb705237a87528b7fd8c944b6ee"}
}
