{"total": {"lines":{"total":134,"covered":113,"skipped":0,"pct":84.32},"statements":{"total":134,"covered":113,"skipped":0,"pct":84.32},"functions":{"total":40,"covered":35,"skipped":0,"pct":87.5},"branches":{"total":50,"covered":29,"skipped":0,"pct":58},"branchesTrue":{"total":0,"covered":0,"skipped":0,"pct":100}}
,"C:\\Users\\yiten\\OneDrive\\dev\\OneDrive\\dev\\Node\\Project\\mildom\\lib\\mildom.js": {"lines":{"total":50,"covered":46,"skipped":0,"pct":92},"functions":{"total":18,"covered":15,"skipped":0,"pct":83.33},"statements":{"total":50,"covered":46,"skipped":0,"pct":92},"branches":{"total":29,"covered":19,"skipped":0,"pct":65.51}}
,"C:\\Users\\yiten\\OneDrive\\dev\\OneDrive\\dev\\Node\\Project\\mildom\\lib\\constants\\endpoints.js": {"lines":{"total":10,"covered":10,"skipped":0,"pct":100},"functions":{"total":9,"covered":9,"skipped":0,"pct":100},"statements":{"total":10,"covered":10,"skipped":0,"pct":100},"branches":{"total":0,"covered":0,"skipped":0,"pct":100}}
,"C:\\Users\\yiten\\OneDrive\\dev\\OneDrive\\dev\\Node\\Project\\mildom\\lib\\stream\\listener.js": {"lines":{"total":50,"covered":37,"skipped":0,"pct":74},"functions":{"total":11,"covered":9,"skipped":0,"pct":81.81},"statements":{"total":50,"covered":37,"skipped":0,"pct":74},"branches":{"total":21,"covered":10,"skipped":0,"pct":47.61}}
,"C:\\Users\\yiten\\OneDrive\\dev\\OneDrive\\dev\\Node\\Project\\mildom\\lib\\utils\\decrypt.js": {"lines":{"total":10,"covered":8,"skipped":0,"pct":80},"functions":{"total":1,"covered":1,"skipped":0,"pct":100},"statements":{"total":10,"covered":8,"skipped":0,"pct":80},"branches":{"total":0,"covered":0,"skipped":0,"pct":100}}
,"C:\\Users\\yiten\\OneDrive\\dev\\OneDrive\\dev\\Node\\Project\\mildom\\lib\\utils\\encrypt.js": {"lines":{"total":14,"covered":12,"skipped":0,"pct":85.71},"functions":{"total":1,"covered":1,"skipped":0,"pct":100},"statements":{"total":14,"covered":12,"skipped":0,"pct":85.71},"branches":{"total":0,"covered":0,"skipped":0,"pct":100}}
}
