{"total": {"lines":{"total":156,"covered":135,"skipped":0,"pct":86.53},"statements":{"total":156,"covered":135,"skipped":0,"pct":86.53},"functions":{"total":45,"covered":40,"skipped":0,"pct":88.88},"branches":{"total":67,"covered":41,"skipped":0,"pct":61.19},"branchesTrue":{"total":0,"covered":0,"skipped":0,"pct":100}}
,"C:\\Users\\yiten\\OneDrive\\dev\\OneDrive\\dev\\Node\\Project\\mildom-api\\src\\mildom-api.js": {"lines":{"total":69,"covered":65,"skipped":0,"pct":94.2},"functions":{"total":21,"covered":18,"skipped":0,"pct":85.71},"statements":{"total":69,"covered":65,"skipped":0,"pct":94.2},"branches":{"total":45,"covered":31,"skipped":0,"pct":68.88}}
,"C:\\Users\\yiten\\OneDrive\\dev\\OneDrive\\dev\\Node\\Project\\mildom-api\\src\\constants\\endpoints.js": {"lines":{"total":12,"covered":12,"skipped":0,"pct":100},"functions":{"total":11,"covered":11,"skipped":0,"pct":100},"statements":{"total":12,"covered":12,"skipped":0,"pct":100},"branches":{"total":0,"covered":0,"skipped":0,"pct":100}}
,"C:\\Users\\yiten\\OneDrive\\dev\\OneDrive\\dev\\Node\\Project\\mildom-api\\src\\stream\\listener.js": {"lines":{"total":52,"covered":37,"skipped":0,"pct":71.15},"functions":{"total":11,"covered":9,"skipped":0,"pct":81.81},"statements":{"total":52,"covered":37,"skipped":0,"pct":71.15},"branches":{"total":22,"covered":10,"skipped":0,"pct":45.45}}
,"C:\\Users\\yiten\\OneDrive\\dev\\OneDrive\\dev\\Node\\Project\\mildom-api\\src\\utils\\decrypt.js": {"lines":{"total":10,"covered":9,"skipped":0,"pct":90},"functions":{"total":1,"covered":1,"skipped":0,"pct":100},"statements":{"total":10,"covered":9,"skipped":0,"pct":90},"branches":{"total":0,"covered":0,"skipped":0,"pct":100}}
,"C:\\Users\\yiten\\OneDrive\\dev\\OneDrive\\dev\\Node\\Project\\mildom-api\\src\\utils\\encrypt.js": {"lines":{"total":13,"covered":12,"skipped":0,"pct":92.3},"functions":{"total":1,"covered":1,"skipped":0,"pct":100},"statements":{"total":13,"covered":12,"skipped":0,"pct":92.3},"branches":{"total":0,"covered":0,"skipped":0,"pct":100}}
}
