TN:
SF:src\mildom-api.js
FN:5,(anonymous_0)
FN:14,(anonymous_1)
FN:15,(anonymous_2)
FN:16,(anonymous_3)
FN:18,(anonymous_4)
FN:22,(anonymous_5)
FN:29,(anonymous_6)
FN:35,(anonymous_7)
FN:38,(anonymous_8)
FN:52,(anonymous_9)
FN:65,(anonymous_10)
FN:81,(anonymous_11)
FN:97,(anonymous_12)
FN:110,(anonymous_13)
FN:125,(anonymous_14)
FN:138,(anonymous_15)
FN:152,(anonymous_16)
FN:164,(anonymous_17)
FN:180,(anonymous_18)
FN:207,(anonymous_19)
FN:222,(anonymous_20)
FNF:21
FNH:18
FNDA:2,(anonymous_0)
FNDA:14,(anonymous_1)
FNDA:14,(anonymous_2)
FNDA:14,(anonymous_3)
FNDA:21,(anonymous_4)
FNDA:14,(anonymous_5)
FNDA:0,(anonymous_6)
FNDA:14,(anonymous_7)
FNDA:0,(anonymous_8)
FNDA:1,(anonymous_9)
FNDA:2,(anonymous_10)
FNDA:2,(anonymous_11)
FNDA:1,(anonymous_12)
FNDA:2,(anonymous_13)
FNDA:1,(anonymous_14)
FNDA:1,(anonymous_15)
FNDA:1,(anonymous_16)
FNDA:3,(anonymous_17)
FNDA:3,(anonymous_18)
FNDA:0,(anonymous_19)
FNDA:2,(anonymous_20)
DA:15,14
DA:16,14
DA:17,14
DA:18,14
DA:19,21
DA:22,14
DA:24,14
DA:25,14
DA:29,14
DA:30,0
DA:33,14
DA:36,14
DA:39,0
DA:42,14
DA:53,1
DA:54,1
DA:55,1
DA:66,2
DA:67,2
DA:68,1
DA:69,1
DA:70,1
DA:71,1
DA:82,2
DA:83,2
DA:84,1
DA:85,1
DA:86,1
DA:87,1
DA:98,1
DA:99,1
DA:100,1
DA:111,2
DA:112,2
DA:113,2
DA:126,1
DA:127,1
DA:128,1
DA:139,1
DA:140,1
DA:141,1
DA:153,1
DA:154,1
DA:155,1
DA:165,3
DA:166,3
DA:167,3
DA:181,3
DA:182,3
DA:183,3
DA:184,3
DA:185,3
DA:186,1
DA:188,2
DA:189,2
DA:191,2
DA:192,1
DA:194,1
DA:195,1
DA:196,1
DA:208,0
DA:209,0
DA:223,2
DA:232,2
DA:233,2
DA:234,1
DA:237,1
DA:238,1
DA:239,1
LF:69
LH:65
BRDA:55,0,0,1
BRDA:55,0,1,0
BRDA:65,1,0,0
BRDA:67,2,0,1
BRDA:67,2,1,1
BRDA:71,3,0,1
BRDA:71,3,1,0
BRDA:81,4,0,0
BRDA:83,5,0,1
BRDA:83,5,1,1
BRDA:87,6,0,1
BRDA:87,6,1,0
BRDA:100,7,0,1
BRDA:100,7,1,0
BRDA:113,8,0,2
BRDA:113,8,1,0
BRDA:125,9,0,1
BRDA:125,10,0,1
BRDA:128,11,0,1
BRDA:128,11,1,0
BRDA:141,12,0,1
BRDA:141,12,1,0
BRDA:155,13,0,1
BRDA:155,13,1,0
BRDA:167,14,0,3
BRDA:167,14,1,0
BRDA:167,15,0,3
BRDA:167,15,1,3
BRDA:180,16,0,3
BRDA:180,17,0,3
BRDA:185,18,0,1
BRDA:185,18,1,2
BRDA:188,19,0,2
BRDA:188,19,1,0
BRDA:191,20,0,1
BRDA:191,20,1,1
BRDA:196,21,0,1
BRDA:196,21,1,0
BRDA:222,22,0,1
BRDA:222,23,0,2
BRDA:222,24,0,2
BRDA:233,25,0,1
BRDA:233,25,1,1
BRDA:239,26,0,1
BRDA:239,26,1,0
BRF:45
BRH:31
end_of_record
TN:
SF:src\constants\endpoints.js
FN:4,(anonymous_0)
FN:6,(anonymous_1)
FN:8,(anonymous_2)
FN:10,(anonymous_3)
FN:12,(anonymous_4)
FN:14,(anonymous_5)
FN:16,(anonymous_6)
FN:18,(anonymous_7)
FN:20,(anonymous_8)
FN:22,(anonymous_9)
FN:23,(anonymous_10)
FNF:11
FNH:11
FNDA:2,(anonymous_0)
FNDA:2,(anonymous_1)
FNDA:2,(anonymous_2)
FNDA:2,(anonymous_3)
FNDA:2,(anonymous_4)
FNDA:2,(anonymous_5)
FNDA:2,(anonymous_6)
FNDA:3,(anonymous_7)
FNDA:2,(anonymous_8)
FNDA:3,(anonymous_9)
FNDA:2,(anonymous_10)
DA:1,3
DA:5,2
DA:7,2
DA:9,2
DA:11,2
DA:13,2
DA:15,2
DA:17,2
DA:19,3
DA:21,2
DA:22,3
DA:24,2
LF:12
LH:12
BRF:0
BRH:0
end_of_record
TN:
SF:src\stream\listener.js
FN:9,(anonymous_0)
FN:15,(anonymous_1)
FN:25,(anonymous_2)
FN:34,(anonymous_3)
FN:38,(anonymous_4)
FN:48,(anonymous_5)
FN:61,(anonymous_6)
FN:64,(anonymous_7)
FN:78,(anonymous_8)
FN:82,(anonymous_9)
FN:108,(anonymous_10)
FNF:11
FNH:9
FNDA:1,(anonymous_0)
FNDA:1,(anonymous_1)
FNDA:1,(anonymous_2)
FNDA:2,(anonymous_3)
FNDA:2,(anonymous_4)
FNDA:1,(anonymous_5)
FNDA:1,(anonymous_6)
FNDA:1,(anonymous_7)
FNDA:0,(anonymous_8)
FNDA:2,(anonymous_9)
FNDA:0,(anonymous_10)
DA:10,1
DA:11,1
DA:12,1
DA:16,1
DA:17,1
DA:18,1
DA:19,1
DA:20,1
DA:21,1
DA:26,1
DA:27,1
DA:29,1
DA:30,1
DA:35,2
DA:39,2
DA:40,2
DA:41,1
DA:42,1
DA:43,0
DA:44,0
DA:48,2
DA:49,1
DA:52,0
DA:53,0
DA:55,0
DA:62,1
DA:63,1
DA:64,1
DA:65,1
DA:74,1
DA:75,1
DA:78,1
DA:79,0
DA:82,1
DA:83,2
DA:84,2
DA:85,2
DA:87,1
DA:88,1
DA:90,0
DA:91,0
DA:93,1
DA:94,1
DA:96,0
DA:97,0
DA:99,0
DA:100,0
DA:102,0
DA:103,0
DA:108,1
DA:109,0
DA:112,1
LF:52
LH:37
BRDA:18,0,0,1
BRDA:18,0,1,0
BRDA:26,1,0,1
BRDA:26,1,1,0
BRDA:29,2,0,1
BRDA:29,2,1,0
BRDA:35,3,0,2
BRDA:35,3,1,0
BRDA:40,4,0,1
BRDA:40,4,1,1
BRDA:42,5,0,0
BRDA:42,5,1,1
BRDA:52,6,0,0
BRDA:52,6,1,0
BRDA:83,7,0,2
BRDA:83,7,1,0
BRDA:85,8,0,1
BRDA:85,8,1,0
BRDA:85,8,2,1
BRDA:85,8,3,0
BRDA:85,8,4,0
BRDA:85,8,5,0
BRF:22
BRH:10
end_of_record
TN:
SF:src\utils\decrypt.js
FN:5,(anonymous_0)
FNF:1
FNH:1
FNDA:2,(anonymous_0)
DA:4,1
DA:5,1
DA:7,2
DA:8,2
DA:9,2
DA:10,2
DA:11,2
DA:12,2
DA:13,2
DA:15,0
LF:10
LH:9
BRF:0
BRH:0
end_of_record
TN:
SF:src\utils\encrypt.js
FN:4,(anonymous_0)
FNF:1
FNH:1
FNDA:1,(anonymous_0)
DA:3,1
DA:4,1
DA:5,1
DA:6,1
DA:10,1
DA:11,1
DA:12,1
DA:13,1
DA:14,1
DA:15,1
DA:16,1
DA:17,1
DA:19,0
LF:13
LH:12
BRF:0
BRH:0
end_of_record
