TN:
SF:lib\mildom.js
FN:5,(anonymous_0)
FN:14,(anonymous_1)
FN:15,(anonymous_2)
FN:16,(anonymous_3)
FN:18,(anonymous_4)
FN:22,(anonymous_5)
FN:29,(anonymous_6)
FN:35,(anonymous_7)
FN:38,(anonymous_8)
FN:52,(anonymous_9)
FN:65,(anonymous_10)
FN:81,(anonymous_11)
FN:97,(anonymous_12)
FN:110,(anonymous_13)
FN:125,(anonymous_14)
FN:138,(anonymous_15)
FN:152,(anonymous_16)
FN:167,(anonymous_17)
FNF:18
FNH:15
FNDA:2,(anonymous_0)
FNDA:9,(anonymous_1)
FNDA:9,(anonymous_2)
FNDA:9,(anonymous_3)
FNDA:16,(anonymous_4)
FNDA:9,(anonymous_5)
FNDA:0,(anonymous_6)
FNDA:9,(anonymous_7)
FNDA:0,(anonymous_8)
FNDA:1,(anonymous_9)
FNDA:2,(anonymous_10)
FNDA:2,(anonymous_11)
FNDA:1,(anonymous_12)
FNDA:2,(anonymous_13)
FNDA:1,(anonymous_14)
FNDA:1,(anonymous_15)
FNDA:0,(anonymous_16)
FNDA:2,(anonymous_17)
DA:15,9
DA:16,9
DA:17,9
DA:18,9
DA:19,16
DA:22,9
DA:24,9
DA:25,9
DA:29,9
DA:30,0
DA:33,9
DA:36,9
DA:39,0
DA:42,9
DA:53,1
DA:54,1
DA:55,1
DA:66,2
DA:67,2
DA:68,1
DA:69,1
DA:70,1
DA:71,1
DA:82,2
DA:83,2
DA:84,1
DA:85,1
DA:86,1
DA:87,1
DA:98,1
DA:99,1
DA:100,1
DA:111,2
DA:112,2
DA:113,2
DA:126,1
DA:127,1
DA:128,1
DA:139,1
DA:140,1
DA:141,1
DA:153,0
DA:154,0
DA:168,2
DA:177,2
DA:178,2
DA:179,1
DA:182,1
DA:183,1
DA:184,1
LF:50
LH:46
BRDA:55,0,0,1
BRDA:55,0,1,0
BRDA:67,1,0,1
BRDA:67,1,1,1
BRDA:71,2,0,1
BRDA:71,2,1,0
BRDA:83,3,0,1
BRDA:83,3,1,1
BRDA:87,4,0,1
BRDA:87,4,1,0
BRDA:100,5,0,1
BRDA:100,5,1,0
BRDA:113,6,0,2
BRDA:113,6,1,0
BRDA:125,7,0,1
BRDA:125,8,0,1
BRDA:128,9,0,1
BRDA:128,9,1,0
BRDA:141,10,0,1
BRDA:141,10,1,0
BRDA:154,11,0,0
BRDA:154,11,1,0
BRDA:167,12,0,1
BRDA:167,13,0,2
BRDA:167,14,0,2
BRDA:178,15,0,1
BRDA:178,15,1,1
BRDA:184,16,0,1
BRDA:184,16,1,0
BRF:29
BRH:19
end_of_record
TN:
SF:lib\constants\endpoints.js
FN:4,(anonymous_0)
FN:6,(anonymous_1)
FN:8,(anonymous_2)
FN:10,(anonymous_3)
FN:12,(anonymous_4)
FN:14,(anonymous_5)
FN:16,(anonymous_6)
FN:18,(anonymous_7)
FN:19,(anonymous_8)
FNF:9
FNH:9
FNDA:2,(anonymous_0)
FNDA:2,(anonymous_1)
FNDA:2,(anonymous_2)
FNDA:2,(anonymous_3)
FNDA:2,(anonymous_4)
FNDA:2,(anonymous_5)
FNDA:1,(anonymous_6)
FNDA:3,(anonymous_7)
FNDA:2,(anonymous_8)
DA:1,3
DA:5,2
DA:7,2
DA:9,2
DA:11,2
DA:13,2
DA:15,2
DA:17,1
DA:18,3
DA:20,2
LF:10
LH:10
BRF:0
BRH:0
end_of_record
TN:
SF:lib\stream\listener.js
FN:9,(anonymous_0)
FN:15,(anonymous_1)
FN:25,(anonymous_2)
FN:34,(anonymous_3)
FN:38,(anonymous_4)
FN:46,(anonymous_5)
FN:57,(anonymous_6)
FN:60,(anonymous_7)
FN:74,(anonymous_8)
FN:78,(anonymous_9)
FN:101,(anonymous_10)
FNF:11
FNH:9
FNDA:1,(anonymous_0)
FNDA:1,(anonymous_1)
FNDA:1,(anonymous_2)
FNDA:2,(anonymous_3)
FNDA:2,(anonymous_4)
FNDA:1,(anonymous_5)
FNDA:1,(anonymous_6)
FNDA:1,(anonymous_7)
FNDA:0,(anonymous_8)
FNDA:2,(anonymous_9)
FNDA:0,(anonymous_10)
DA:10,1
DA:11,1
DA:12,1
DA:16,1
DA:17,1
DA:18,1
DA:19,1
DA:20,1
DA:21,1
DA:26,1
DA:27,1
DA:29,1
DA:30,1
DA:35,2
DA:39,2
DA:40,2
DA:41,1
DA:42,1
DA:43,0
DA:44,0
DA:46,2
DA:47,1
DA:50,0
DA:51,0
DA:53,0
DA:58,1
DA:59,1
DA:60,1
DA:61,1
DA:70,1
DA:71,1
DA:74,1
DA:75,0
DA:78,1
DA:79,2
DA:80,2
DA:81,2
DA:83,1
DA:84,1
DA:86,0
DA:87,0
DA:89,1
DA:90,1
DA:92,0
DA:93,0
DA:95,0
DA:96,0
DA:101,1
DA:102,0
DA:105,1
LF:50
LH:37
BRDA:18,0,0,1
BRDA:18,0,1,0
BRDA:26,1,0,1
BRDA:26,1,1,0
BRDA:29,2,0,1
BRDA:29,2,1,0
BRDA:35,3,0,2
BRDA:35,3,1,0
BRDA:40,4,0,1
BRDA:40,4,1,1
BRDA:42,5,0,0
BRDA:42,5,1,1
BRDA:50,6,0,0
BRDA:50,6,1,0
BRDA:79,7,0,2
BRDA:79,7,1,0
BRDA:81,8,0,1
BRDA:81,8,1,0
BRDA:81,8,2,1
BRDA:81,8,3,0
BRDA:81,8,4,0
BRF:21
BRH:10
end_of_record
TN:
SF:lib\utils\decrypt.js
FN:5,(anonymous_0)
FNF:1
FNH:1
FNDA:2,(anonymous_0)
DA:4,1
DA:5,1
DA:7,2
DA:8,2
DA:9,2
DA:10,2
DA:11,2
DA:12,2
DA:14,0
DA:15,0
LF:10
LH:8
BRF:0
BRH:0
end_of_record
TN:
SF:lib\utils\encrypt.js
FN:4,(anonymous_0)
FNF:1
FNH:1
FNDA:1,(anonymous_0)
DA:3,1
DA:4,1
DA:5,1
DA:6,1
DA:10,1
DA:11,1
DA:12,1
DA:13,1
DA:14,1
DA:15,1
DA:16,1
DA:17,1
DA:19,0
DA:20,0
LF:14
LH:12
BRF:0
BRH:0
end_of_record
